<?xml version="1.0" encoding="UTF-8" ?>
<testsuite failures="0" time="0.015" errors="0" skipped="0" tests="4" name="totalBeginner.tutorial.BookTest">
  <properties>
[...]
</properties>
  <testcase time="0.002" classname="totalBeginner.tutorial.BookTest" name="testBook"/>
  <testcase time="0" classname="totalBeginner.tutorial.BookTest" name="testGetPerson"/>
  <testcase time="0" classname="totalBeginner.tutorial.BookTest" name="testGetAuthor"/>
  <testcase time="0" classname="totalBeginner.tutorial.BookTest" name="testGetTitle"/>
</testsuite>